# JRE version: OpenJDK Runtime Environment (8.0_151-b12) (build 1.8.0_151-8u151-b12-0ubuntu0.16.04.2-b12)
# Java VM: OpenJDK 64-Bit Server VM (25.151-b12 mixed mode linux-amd64 compressed oops)
Heap:
 PSYoungGen      total 199680K, used 5874K [0x00000000ebf00000, 0x00000000f9000000, 0x0000000100000000)
  eden space 186368K, 0% used [0x00000000ebf00000,0x00000000ebf00000,0x00000000f7500000)
  from space 13312K, 44% used [0x00000000f7500000,0x00000000f7abc868,0x00000000f8200000)
  to   space 10752K, 0% used [0x00000000f8200000,0x00000000f8200000,0x00000000f8c80000)
 ParOldGen       total 30720K, used 25939K [0x00000000c3c00000, 0x00000000c5a00000, 0x00000000ebf00000)
  object space 30720K, 84% used [0x00000000c3c00000,0x00000000c5554c00,0x00000000c5a00000)
 Metaspace       used 34758K, capacity 35274K, committed 35416K, reserved 1081344K
  class space    used 4428K, capacity 4579K, committed 4608K, reserved 1048576K
GC Heap History (10 events):
Event: 9,784 GC heap after
Heap after GC invocations=7 (full 0):
 PSYoungGen      total 69120K, used 6012K [0x00000000ebf00000, 0x00000000f4700000, 0x0000000100000000)
  eden space 62464K, 0% used [0x00000000ebf00000,0x00000000ebf00000,0x00000000efc00000)
  from space 6656K, 90% used [0x00000000efc00000,0x00000000f01df2e0,0x00000000f0280000)
  to   space 7168K, 0% used [0x00000000f4000000,0x00000000f4000000,0x00000000f4700000)
 ParOldGen       total 42496K, used 6969K [0x00000000c3c00000, 0x00000000c6580000, 0x00000000ebf00000)
  object space 42496K, 16% used [0x00000000c3c00000,0x00000000c42ce660,0x00000000c6580000)
 Metaspace       used 18497K, capacity 18872K, committed 19072K, reserved 1067008K
  class space    used 2290K, capacity 2393K, committed 2432K, reserved 1048576K
}
Event: 10,851 GC heap before
{Heap before GC invocations=8 (full 0):
 PSYoungGen      total 69120K, used 63228K [0x00000000ebf00000, 0x00000000f4700000, 0x0000000100000000)
  eden space 62464K, 91% used [0x00000000ebf00000,0x00000000ef6dfdb8,0x00000000efc00000)
  from space 6656K, 90% used [0x00000000efc00000,0x00000000f01df2e0,0x00000000f0280000)
  to   space 7168K, 0% used [0x00000000f4000000,0x00000000f4000000,0x00000000f4700000)
 ParOldGen       total 42496K, used 6969K [0x00000000c3c00000, 0x00000000c6580000, 0x00000000ebf00000)
  object space 42496K, 16% used [0x00000000c3c00000,0x00000000c42ce660,0x00000000c6580000)
 Metaspace       used 20721K, capacity 21116K, committed 21248K, reserved 1067008K
  class space    used 2623K, capacity 2726K, committed 2816K, reserved 1048576K
Event: 10,862 GC heap after
Heap after GC invocations=8 (full 0):
 PSYoungGen      total 131072K, used 7166K [0x00000000ebf00000, 0x00000000f4900000, 0x0000000100000000)
  eden space 123904K, 0% used [0x00000000ebf00000,0x00000000ebf00000,0x00000000f3800000)
  from space 7168K, 99% used [0x00000000f4000000,0x00000000f46ffa38,0x00000000f4700000)
  to   space 8192K, 0% used [0x00000000f3800000,0x00000000f3800000,0x00000000f4000000)
 ParOldGen       total 42496K, used 7237K [0x00000000c3c00000, 0x00000000c6580000, 0x00000000ebf00000)
  object space 42496K, 17% used [0x00000000c3c00000,0x00000000c43117d8,0x00000000c6580000)
 Metaspace       used 20721K, capacity 21116K, committed 21248K, reserved 1067008K
  class space    used 2623K, capacity 2726K, committed 2816K, reserved 1048576K
}
Event: 10,862 GC heap before
{Heap before GC invocations=9 (full 1):
 PSYoungGen      total 131072K, used 7166K [0x00000000ebf00000, 0x00000000f4900000, 0x0000000100000000)
  eden space 123904K, 0% used [0x00000000ebf00000,0x00000000ebf00000,0x00000000f3800000)
  from space 7168K, 99% used [0x00000000f4000000,0x00000000f46ffa38,0x00000000f4700000)
  to   space 8192K, 0% used [0x00000000f3800000,0x00000000f3800000,0x00000000f4000000)
 ParOldGen       total 42496K, used 7237K [0x00000000c3c00000, 0x00000000c6580000, 0x00000000ebf00000)
  object space 42496K, 17% used [0x00000000c3c00000,0x00000000c43117d8,0x00000000c6580000)
 Metaspace       used 20721K, capacity 21116K, committed 21248K, reserved 1067008K
  class space    used 2623K, capacity 2726K, committed 2816K, reserved 1048576K
Event: 10,919 GC heap after
Heap after GC invocations=9 (full 1):
 PSYoungGen      total 131072K, used 0K [0x00000000ebf00000, 0x00000000f4900000, 0x0000000100000000)
  eden space 123904K, 0% used [0x00000000ebf00000,0x00000000ebf00000,0x00000000f3800000)
  from space 7168K, 0% used [0x00000000f4000000,0x00000000f4000000,0x00000000f4700000)
  to   space 8192K, 0% used [0x00000000f3800000,0x00000000f3800000,0x00000000f4000000)
 ParOldGen       total 30720K, used 9494K [0x00000000c3c00000, 0x00000000c5a00000, 0x00000000ebf00000)
  object space 30720K, 30% used [0x00000000c3c00000,0x00000000c4545b50,0x00000000c5a00000)
 Metaspace       used 20721K, capacity 21116K, committed 21248K, reserved 1067008K
  class space    used 2623K, capacity 2726K, committed 2816K, reserved 1048576K
}
Event: 12,968 GC heap before
{Heap before GC invocations=10 (full 1):
 PSYoungGen      total 131072K, used 123904K [0x00000000ebf00000, 0x00000000f4900000, 0x0000000100000000)
  eden space 123904K, 100% used [0x00000000ebf00000,0x00000000f3800000,0x00000000f3800000)
  from space 7168K, 0% used [0x00000000f4000000,0x00000000f4000000,0x00000000f4700000)
  to   space 8192K, 0% used [0x00000000f3800000,0x00000000f3800000,0x00000000f4000000)
 ParOldGen       total 30720K, used 9494K [0x00000000c3c00000, 0x00000000c5a00000, 0x00000000ebf00000)
  object space 30720K, 30% used [0x00000000c3c00000,0x00000000c4545b50,0x00000000c5a00000)
 Metaspace       used 25151K, capacity 25658K, committed 25856K, reserved 1071104K
  class space    used 3188K, capacity 3323K, committed 3328K, reserved 1048576K
Event: 12,993 GC heap after
Heap after GC invocations=10 (full 1):
 PSYoungGen      total 132096K, used 8174K [0x00000000ebf00000, 0x00000000f8c80000, 0x0000000100000000)
  eden space 123904K, 0% used [0x00000000ebf00000,0x00000000ebf00000,0x00000000f3800000)
  from space 8192K, 99% used [0x00000000f3800000,0x00000000f3ffbb00,0x00000000f4000000)
  to   space 10752K, 0% used [0x00000000f8200000,0x00000000f8200000,0x00000000f8c80000)
 ParOldGen       total 30720K, used 12162K [0x00000000c3c00000, 0x00000000c5a00000, 0x00000000ebf00000)
  object space 30720K, 39% used [0x00000000c3c00000,0x00000000c47e0b20,0x00000000c5a00000)
 Metaspace       used 25151K, capacity 25658K, committed 25856K, reserved 1071104K
  class space    used 3188K, capacity 3323K, committed 3328K, reserved 1048576K
}
Event: 16,444 GC heap before
{Heap before GC invocations=11 (full 1):
 PSYoungGen      total 132096K, used 132078K [0x00000000ebf00000, 0x00000000f8c80000, 0x0000000100000000)
  eden space 123904K, 100% used [0x00000000ebf00000,0x00000000f3800000,0x00000000f3800000)
  from space 8192K, 99% used [0x00000000f3800000,0x00000000f3ffbb00,0x00000000f4000000)
  to   space 10752K, 0% used [0x00000000f8200000,0x00000000f8200000,0x00000000f8c80000)
 ParOldGen       total 30720K, used 12162K [0x00000000c3c00000, 0x00000000c5a00000, 0x00000000ebf00000)
  object space 30720K, 39% used [0x00000000c3c00000,0x00000000c47e0b20,0x00000000c5a00000)
 Metaspace       used 28925K, capacity 29452K, committed 29696K, reserved 1075200K
  class space    used 3623K, capacity 3774K, committed 3840K, reserved 1048576K
Event: 16,491 GC heap after
Heap after GC invocations=11 (full 1):
 PSYoungGen      total 197120K, used 10750K [0x00000000ebf00000, 0x00000000f9000000, 0x0000000100000000)
  eden space 186368K, 0% used [0x00000000ebf00000,0x00000000ebf00000,0x00000000f7500000)
  from space 10752K, 99% used [0x00000000f8200000,0x00000000f8c7f830,0x00000000f8c80000)
  to   space 13312K, 0% used [0x00000000f7500000,0x00000000f7500000,0x00000000f8200000)
 ParOldGen       total 30720K, used 15272K [0x00000000c3c00000, 0x00000000c5a00000, 0x00000000ebf00000)
  object space 30720K, 49% used [0x00000000c3c00000,0x00000000c4aea018,0x00000000c5a00000)
 Metaspace       used 28925K, capacity 29452K, committed 29696K, reserved 1075200K
  class space    used 3623K, capacity 3774K, committed 3840K, reserved 1048576K
}
Event: 26,370 GC heap before
{Heap before GC invocations=12 (full 1):
 PSYoungGen      total 197120K, used 91756K [0x00000000ebf00000, 0x00000000f9000000, 0x0000000100000000)
  eden space 186368K, 43% used [0x00000000ebf00000,0x00000000f0e1bad8,0x00000000f7500000)
  from space 10752K, 99% used [0x00000000f8200000,0x00000000f8c7f830,0x00000000f8c80000)
  to   space 13312K, 0% used [0x00000000f7500000,0x00000000f7500000,0x00000000f8200000)
 ParOldGen       total 30720K, used 15272K [0x00000000c3c00000, 0x00000000c5a00000, 0x00000000ebf00000)
  object space 30720K, 49% used [0x00000000c3c00000,0x00000000c4aea018,0x00000000c5a00000)
 Metaspace       used 34758K, capacity 35274K, committed 35416K, reserved 1081344K
  class space    used 4428K, capacity 4579K, committed 4608K, reserved 1048576K

