# JRE version: OpenJDK Runtime Environment (8.0_151-b12) (build 1.8.0_151-8u151-b12-0ubuntu0.16.04.2-b12)
# Java VM: OpenJDK 64-Bit Server VM (25.151-b12 mixed mode linux-amd64 compressed oops)
Heap:
 PSYoungGen      total 199680K, used 6074K [0x00000000ebf00000, 0x00000000f9000000, 0x0000000100000000)
  eden space 186368K, 0% used [0x00000000ebf00000,0x00000000ebf00000,0x00000000f7500000)
  from space 13312K, 45% used [0x00000000f7500000,0x00000000f7aeeab0,0x00000000f8200000)
  to   space 10752K, 0% used [0x00000000f8200000,0x00000000f8200000,0x00000000f8c80000)
 ParOldGen       total 30720K, used 25947K [0x00000000c3c00000, 0x00000000c5a00000, 0x00000000ebf00000)
  object space 30720K, 84% used [0x00000000c3c00000,0x00000000c5556df0,0x00000000c5a00000)
 Metaspace       used 34664K, capacity 35216K, committed 35416K, reserved 1081344K
  class space    used 4418K, capacity 4580K, committed 4608K, reserved 1048576K
GC Heap History (10 events):
Event: 10,754 GC heap after
Heap after GC invocations=7 (full 0):
 PSYoungGen      total 69120K, used 5961K [0x00000000ebf00000, 0x00000000f4700000, 0x0000000100000000)
  eden space 62464K, 0% used [0x00000000ebf00000,0x00000000ebf00000,0x00000000efc00000)
  from space 6656K, 89% used [0x00000000efc00000,0x00000000f01d2648,0x00000000f0280000)
  to   space 7168K, 0% used [0x00000000f4000000,0x00000000f4000000,0x00000000f4700000)
 ParOldGen       total 42496K, used 6988K [0x00000000c3c00000, 0x00000000c6580000, 0x00000000ebf00000)
  object space 42496K, 16% used [0x00000000c3c00000,0x00000000c42d3398,0x00000000c6580000)
 Metaspace       used 18483K, capacity 18872K, committed 19072K, reserved 1067008K
  class space    used 2289K, capacity 2393K, committed 2432K, reserved 1048576K
}
Event: 11,805 GC heap before
{Heap before GC invocations=8 (full 0):
 PSYoungGen      total 69120K, used 63734K [0x00000000ebf00000, 0x00000000f4700000, 0x0000000100000000)
  eden space 62464K, 92% used [0x00000000ebf00000,0x00000000ef76b3c8,0x00000000efc00000)
  from space 6656K, 89% used [0x00000000efc00000,0x00000000f01d2648,0x00000000f0280000)
  to   space 7168K, 0% used [0x00000000f4000000,0x00000000f4000000,0x00000000f4700000)
 ParOldGen       total 42496K, used 6988K [0x00000000c3c00000, 0x00000000c6580000, 0x00000000ebf00000)
  object space 42496K, 16% used [0x00000000c3c00000,0x00000000c42d3398,0x00000000c6580000)
 Metaspace       used 20703K, capacity 21116K, committed 21248K, reserved 1067008K
  class space    used 2624K, capacity 2726K, committed 2816K, reserved 1048576K
Event: 11,817 GC heap after
Heap after GC invocations=8 (full 0):
 PSYoungGen      total 131072K, used 7157K [0x00000000ebf00000, 0x00000000f4900000, 0x0000000100000000)
  eden space 123904K, 0% used [0x00000000ebf00000,0x00000000ebf00000,0x00000000f3800000)
  from space 7168K, 99% used [0x00000000f4000000,0x00000000f46fd798,0x00000000f4700000)
  to   space 8192K, 0% used [0x00000000f3800000,0x00000000f3800000,0x00000000f4000000)
 ParOldGen       total 42496K, used 7287K [0x00000000c3c00000, 0x00000000c6580000, 0x00000000ebf00000)
  object space 42496K, 17% used [0x00000000c3c00000,0x00000000c431df18,0x00000000c6580000)
 Metaspace       used 20703K, capacity 21116K, committed 21248K, reserved 1067008K
  class space    used 2624K, capacity 2726K, committed 2816K, reserved 1048576K
}
Event: 11,817 GC heap before
{Heap before GC invocations=9 (full 1):
 PSYoungGen      total 131072K, used 7157K [0x00000000ebf00000, 0x00000000f4900000, 0x0000000100000000)
  eden space 123904K, 0% used [0x00000000ebf00000,0x00000000ebf00000,0x00000000f3800000)
  from space 7168K, 99% used [0x00000000f4000000,0x00000000f46fd798,0x00000000f4700000)
  to   space 8192K, 0% used [0x00000000f3800000,0x00000000f3800000,0x00000000f4000000)
 ParOldGen       total 42496K, used 7287K [0x00000000c3c00000, 0x00000000c6580000, 0x00000000ebf00000)
  object space 42496K, 17% used [0x00000000c3c00000,0x00000000c431df18,0x00000000c6580000)
 Metaspace       used 20703K, capacity 21116K, committed 21248K, reserved 1067008K
  class space    used 2624K, capacity 2726K, committed 2816K, reserved 1048576K
Event: 11,878 GC heap after
Heap after GC invocations=9 (full 1):
 PSYoungGen      total 131072K, used 0K [0x00000000ebf00000, 0x00000000f4900000, 0x0000000100000000)
  eden space 123904K, 0% used [0x00000000ebf00000,0x00000000ebf00000,0x00000000f3800000)
  from space 7168K, 0% used [0x00000000f4000000,0x00000000f4000000,0x00000000f4700000)
  to   space 8192K, 0% used [0x00000000f3800000,0x00000000f3800000,0x00000000f4000000)
 ParOldGen       total 30720K, used 9533K [0x00000000c3c00000, 0x00000000c5a00000, 0x00000000ebf00000)
  object space 30720K, 31% used [0x00000000c3c00000,0x00000000c454f6a8,0x00000000c5a00000)
 Metaspace       used 20703K, capacity 21116K, committed 21248K, reserved 1067008K
  class space    used 2624K, capacity 2726K, committed 2816K, reserved 1048576K
}
Event: 13,644 GC heap before
{Heap before GC invocations=10 (full 1):
 PSYoungGen      total 131072K, used 123904K [0x00000000ebf00000, 0x00000000f4900000, 0x0000000100000000)
  eden space 123904K, 100% used [0x00000000ebf00000,0x00000000f3800000,0x00000000f3800000)
  from space 7168K, 0% used [0x00000000f4000000,0x00000000f4000000,0x00000000f4700000)
  to   space 8192K, 0% used [0x00000000f3800000,0x00000000f3800000,0x00000000f4000000)
 ParOldGen       total 30720K, used 9533K [0x00000000c3c00000, 0x00000000c5a00000, 0x00000000ebf00000)
  object space 30720K, 31% used [0x00000000c3c00000,0x00000000c454f6a8,0x00000000c5a00000)
 Metaspace       used 25141K, capacity 25664K, committed 25856K, reserved 1071104K
  class space    used 3189K, capacity 3324K, committed 3328K, reserved 1048576K
Event: 13,665 GC heap after
Heap after GC invocations=10 (full 1):
 PSYoungGen      total 132096K, used 8187K [0x00000000ebf00000, 0x00000000f8c80000, 0x0000000100000000)
  eden space 123904K, 0% used [0x00000000ebf00000,0x00000000ebf00000,0x00000000f3800000)
  from space 8192K, 99% used [0x00000000f3800000,0x00000000f3ffed48,0x00000000f4000000)
  to   space 10752K, 0% used [0x00000000f8200000,0x00000000f8200000,0x00000000f8c80000)
 ParOldGen       total 30720K, used 12202K [0x00000000c3c00000, 0x00000000c5a00000, 0x00000000ebf00000)
  object space 30720K, 39% used [0x00000000c3c00000,0x00000000c47eaa70,0x00000000c5a00000)
 Metaspace       used 25141K, capacity 25664K, committed 25856K, reserved 1071104K
  class space    used 3189K, capacity 3324K, committed 3328K, reserved 1048576K
}
Event: 17,656 GC heap before
{Heap before GC invocations=11 (full 1):
 PSYoungGen      total 132096K, used 132091K [0x00000000ebf00000, 0x00000000f8c80000, 0x0000000100000000)
  eden space 123904K, 100% used [0x00000000ebf00000,0x00000000f3800000,0x00000000f3800000)
  from space 8192K, 99% used [0x00000000f3800000,0x00000000f3ffed48,0x00000000f4000000)
  to   space 10752K, 0% used [0x00000000f8200000,0x00000000f8200000,0x00000000f8c80000)
 ParOldGen       total 30720K, used 12202K [0x00000000c3c00000, 0x00000000c5a00000, 0x00000000ebf00000)
  object space 30720K, 39% used [0x00000000c3c00000,0x00000000c47eaa70,0x00000000c5a00000)
 Metaspace       used 28802K, capacity 29330K, committed 29696K, reserved 1075200K
  class space    used 3610K, capacity 3775K, committed 3840K, reserved 1048576K
Event: 17,704 GC heap after
Heap after GC invocations=11 (full 1):
 PSYoungGen      total 197120K, used 10747K [0x00000000ebf00000, 0x00000000f9000000, 0x0000000100000000)
  eden space 186368K, 0% used [0x00000000ebf00000,0x00000000ebf00000,0x00000000f7500000)
  from space 10752K, 99% used [0x00000000f8200000,0x00000000f8c7ed48,0x00000000f8c80000)
  to   space 13312K, 0% used [0x00000000f7500000,0x00000000f7500000,0x00000000f8200000)
 ParOldGen       total 30720K, used 15193K [0x00000000c3c00000, 0x00000000c5a00000, 0x00000000ebf00000)
  object space 30720K, 49% used [0x00000000c3c00000,0x00000000c4ad6628,0x00000000c5a00000)
 Metaspace       used 28802K, capacity 29330K, committed 29696K, reserved 1075200K
  class space    used 3610K, capacity 3775K, committed 3840K, reserved 1048576K
}
Event: 22,566 GC heap before
{Heap before GC invocations=12 (full 1):
 PSYoungGen      total 197120K, used 83525K [0x00000000ebf00000, 0x00000000f9000000, 0x0000000100000000)
  eden space 186368K, 39% used [0x00000000ebf00000,0x00000000f0612838,0x00000000f7500000)
  from space 10752K, 99% used [0x00000000f8200000,0x00000000f8c7ed48,0x00000000f8c80000)
  to   space 13312K, 0% used [0x00000000f7500000,0x00000000f7500000,0x00000000f8200000)
 ParOldGen       total 30720K, used 15193K [0x00000000c3c00000, 0x00000000c5a00000, 0x00000000ebf00000)
  object space 30720K, 49% used [0x00000000c3c00000,0x00000000c4ad6628,0x00000000c5a00000)
 Metaspace       used 34664K, capacity 35216K, committed 35416K, reserved 1081344K
  class space    used 4418K, capacity 4580K, committed 4608K, reserved 1048576K

